Android/AppBubble/app/build/outputs/logs/manifest-merger-debug-report.txt
-- Merging decision tree log ---
manifest
ADDED from src\main\AndroidManifest.xml:2:1-20:12
	package
		ADDED from src\main\AndroidManifest.xml:3:5-28
		INJECTED from src\main\AndroidManifest.xml
		INJECTED from src\main\AndroidManifest.xml
	android:versionName
		INJECTED from src\main\AndroidManifest.xml
		INJECTED from src\main\AndroidManifest.xml
	xmlns:android
		ADDED from src\main\AndroidManifest.xml:2:11-69
	android:versionCode
		INJECTED from src\main\AndroidManifest.xml
		INJECTED from src\main\AndroidManifest.xml
application
ADDED from src\main\AndroidManifest.xml:5:5-18:19
MERGED from [com.android.support:appcompat-v7:23.1.1] AndroidManifest.xml:22:5-20
MERGED from [com.android.support:support-v4:23.1.1] AndroidManifest.xml:22:5-20
MERGED from [com.txusballesteros:bubbles:1.2.1] AndroidManifest.xml:38:5-43:19
	android:label
		ADDED from src\main\AndroidManifest.xml:8:9-41
	android:supportsRtl
		ADDED from src\main\AndroidManifest.xml:9:9-35
	android:allowBackup
		ADDED from src\main\AndroidManifest.xml:6:9-35
	android:icon
		ADDED from src\main\AndroidManifest.xml:7:9-43
	android:theme
		ADDED from src\main\AndroidManifest.xml:10:9-40
activity#app.appbubble.MainActivity
ADDED from src\main\AndroidManifest.xml:11:9-17:20
	android:name
		ADDED from src\main\AndroidManifest.xml:11:19-47
intent-filter#android.intent.action.MAIN+android.intent.category.LAUNCHER
ADDED from src\main\AndroidManifest.xml:12:13-16:29
action#android.intent.action.MAIN
ADDED from src\main\AndroidManifest.xml:13:17-69
	android:name
		ADDED from src\main\AndroidManifest.xml:13:25-66
category#android.intent.category.LAUNCHER
ADDED from src\main\AndroidManifest.xml:15:17-77
	android:name
		ADDED from src\main\AndroidManifest.xml:15:27-74
uses-sdk
INJECTED from src\main\AndroidManifest.xml reason: use-sdk injection requested
MERGED from [com.android.support:appcompat-v7:23.1.1] AndroidManifest.xml:20:5-43
MERGED from [com.android.support:support-v4:23.1.1] AndroidManifest.xml:20:5-43
MERGED from [com.txusballesteros:bubbles:1.2.1] AndroidManifest.xml:31:5-33:41
	android:targetSdkVersion
		INJECTED from src\main\AndroidManifest.xml
		INJECTED from src\main\AndroidManifest.xml
	android:minSdkVersion
		INJECTED from src\main\AndroidManifest.xml
		INJECTED from src\main\AndroidManifest.xml
uses-permission#android.permission.VIBRATE
ADDED from [com.txusballesteros:bubbles:1.2.1] AndroidManifest.xml:35:5-66
	android:name
		ADDED from [com.txusballesteros:bubbles:1.2.1] AndroidManifest.xml:35:22-63
uses-permission#android.permission.SYSTEM_ALERT_WINDOW
ADDED from [com.txusballesteros:bubbles:1.2.1] AndroidManifest.xml:36:5-78
	android:name
		ADDED from [com.txusballesteros:bubbles:1.2.1] AndroidManifest.xml:36:22-75
service#com.txusballesteros.bubbles.BubblesService
ADDED from [com.txusballesteros:bubbles:1.2.1] AndroidManifest.xml:39:9-42:40
	android:enabled
		ADDED from [com.txusballesteros:bubbles:1.2.1] AndroidManifest.xml:41:13-35
	android:exported
		ADDED from [com.txusballesteros:bubbles:1.2.1] AndroidManifest.xml:42:13-37
	android:name
		ADDED from [com.txusballesteros:bubbles:1.2.1] AndroidManifest.xml:40:13-70